ERROR - 2024-10-17 03:21:00 --> Error connecting to the database: mysqli_sql_exception: No connection could be made because the target machine actively refused it in C:\xampp\htdocs\dict-ci4\vendor\codeigniter4\framework\system\Database\MySQLi\Connection.php:186
Stack trace:
#0 C:\xampp\htdocs\dict-ci4\vendor\codeigniter4\framework\system\Database\MySQLi\Connection.php(186): mysqli->real_connect('localhost', 'root', Object(SensitiveParameterValue), 'jobposting', 3306, '', 0)
#1 C:\xampp\htdocs\dict-ci4\vendor\codeigniter4\framework\system\Database\BaseConnection.php(421): CodeIgniter\Database\MySQLi\Connection->connect(false)
#2 C:\xampp\htdocs\dict-ci4\vendor\codeigniter4\framework\system\Database\BaseConnection.php(616): CodeIgniter\Database\BaseConnection->initialize()
#3 C:\xampp\htdocs\dict-ci4\vendor\codeigniter4\framework\system\Database\BaseBuilder.php(1644): CodeIgniter\Database\BaseConnection->query('SELECT *\nFROM `...', Array, false)
#4 C:\xampp\htdocs\dict-ci4\vendor\codeigniter4\framework\system\Model.php(286): CodeIgniter\Database\BaseBuilder->get()
#5 C:\xampp\htdocs\dict-ci4\vendor\codeigniter4\framework\system\BaseModel.php(676): CodeIgniter\Model->doFindAll(0, 0)
#6 C:\xampp\htdocs\dict-ci4\app\Controllers\JobPostsController.php(19): CodeIgniter\BaseModel->findAll()
#7 C:\xampp\htdocs\dict-ci4\vendor\codeigniter4\framework\system\CodeIgniter.php(933): App\Controllers\JobPostsController->index()
#8 C:\xampp\htdocs\dict-ci4\vendor\codeigniter4\framework\system\CodeIgniter.php(509): CodeIgniter\CodeIgniter->runController(Object(App\Controllers\JobPostsController))
#9 C:\xampp\htdocs\dict-ci4\vendor\codeigniter4\framework\system\CodeIgniter.php(355): CodeIgniter\CodeIgniter->handleRequest(NULL, Object(Config\Cache), false)
#10 C:\xampp\htdocs\dict-ci4\vendor\codeigniter4\framework\system\Boot.php(325): CodeIgniter\CodeIgniter->run()
#11 C:\xampp\htdocs\dict-ci4\vendor\codeigniter4\framework\system\Boot.php(67): CodeIgniter\Boot::runCodeIgniter(Object(CodeIgniter\CodeIgniter))
#12 C:\xampp\htdocs\dict-ci4\public\index.php(56): CodeIgniter\Boot::bootWeb(Object(Config\Paths))
#13 C:\xampp\htdocs\dict-ci4\vendor\codeigniter4\framework\system\rewrite.php(44): require_once('C:\\xampp\\htdocs...')
#14 {main}

Next CodeIgniter\Database\Exceptions\DatabaseException: No connection could be made because the target machine actively refused it in C:\xampp\htdocs\dict-ci4\vendor\codeigniter4\framework\system\Database\MySQLi\Connection.php:231
Stack trace:
#0 C:\xampp\htdocs\dict-ci4\vendor\codeigniter4\framework\system\Database\BaseConnection.php(421): CodeIgniter\Database\MySQLi\Connection->connect(false)
#1 C:\xampp\htdocs\dict-ci4\vendor\codeigniter4\framework\system\Database\BaseConnection.php(616): CodeIgniter\Database\BaseConnection->initialize()
#2 C:\xampp\htdocs\dict-ci4\vendor\codeigniter4\framework\system\Database\BaseBuilder.php(1644): CodeIgniter\Database\BaseConnection->query('SELECT *\nFROM `...', Array, false)
#3 C:\xampp\htdocs\dict-ci4\vendor\codeigniter4\framework\system\Model.php(286): CodeIgniter\Database\BaseBuilder->get()
#4 C:\xampp\htdocs\dict-ci4\vendor\codeigniter4\framework\system\BaseModel.php(676): CodeIgniter\Model->doFindAll(0, 0)
#5 C:\xampp\htdocs\dict-ci4\app\Controllers\JobPostsController.php(19): CodeIgniter\BaseModel->findAll()
#6 C:\xampp\htdocs\dict-ci4\vendor\codeigniter4\framework\system\CodeIgniter.php(933): App\Controllers\JobPostsController->index()
#7 C:\xampp\htdocs\dict-ci4\vendor\codeigniter4\framework\system\CodeIgniter.php(509): CodeIgniter\CodeIgniter->runController(Object(App\Controllers\JobPostsController))
#8 C:\xampp\htdocs\dict-ci4\vendor\codeigniter4\framework\system\CodeIgniter.php(355): CodeIgniter\CodeIgniter->handleRequest(NULL, Object(Config\Cache), false)
#9 C:\xampp\htdocs\dict-ci4\vendor\codeigniter4\framework\system\Boot.php(325): CodeIgniter\CodeIgniter->run()
#10 C:\xampp\htdocs\dict-ci4\vendor\codeigniter4\framework\system\Boot.php(67): CodeIgniter\Boot::runCodeIgniter(Object(CodeIgniter\CodeIgniter))
#11 C:\xampp\htdocs\dict-ci4\public\index.php(56): CodeIgniter\Boot::bootWeb(Object(Config\Paths))
#12 C:\xampp\htdocs\dict-ci4\vendor\codeigniter4\framework\system\rewrite.php(44): require_once('C:\\xampp\\htdocs...')
#13 {main}
CRITICAL - 2024-10-17 03:21:00 --> CodeIgniter\Database\Exceptions\DatabaseException: Unable to connect to the database.
Main connection [MySQLi]: No connection could be made because the target machine actively refused it
[Method: GET, Route: job_posting]
in SYSTEMPATH\Database\BaseConnection.php on line 467.
 1 SYSTEMPATH\Database\BaseConnection.php(616): CodeIgniter\Database\BaseConnection->initialize()
 2 SYSTEMPATH\Database\BaseBuilder.php(1644): CodeIgniter\Database\BaseConnection->query('SELECT *
FROM `jobs`', [], false)
 3 SYSTEMPATH\Model.php(286): CodeIgniter\Database\BaseBuilder->get()
 4 SYSTEMPATH\BaseModel.php(676): CodeIgniter\Model->doFindAll(0, 0)
 5 APPPATH\Controllers\JobPostsController.php(19): CodeIgniter\BaseModel->findAll()
 6 SYSTEMPATH\CodeIgniter.php(933): App\Controllers\JobPostsController->index()
 7 SYSTEMPATH\CodeIgniter.php(509): CodeIgniter\CodeIgniter->runController(Object(App\Controllers\JobPostsController))
 8 SYSTEMPATH\CodeIgniter.php(355): CodeIgniter\CodeIgniter->handleRequest(null, Object(Config\Cache), false)
 9 SYSTEMPATH\Boot.php(325): CodeIgniter\CodeIgniter->run()
10 SYSTEMPATH\Boot.php(67): CodeIgniter\Boot::runCodeIgniter(Object(CodeIgniter\CodeIgniter))
11 FCPATH\index.php(56): CodeIgniter\Boot::bootWeb(Object(Config\Paths))
12 SYSTEMPATH\rewrite.php(44): require_once('C:\\xampp\\htdocs\\dict-ci4\\public\\index.php')
ERROR - 2024-10-17 03:21:04 --> Error connecting to the database: mysqli_sql_exception: No connection could be made because the target machine actively refused it in C:\xampp\htdocs\dict-ci4\vendor\codeigniter4\framework\system\Database\MySQLi\Connection.php:186
Stack trace:
#0 C:\xampp\htdocs\dict-ci4\vendor\codeigniter4\framework\system\Database\MySQLi\Connection.php(186): mysqli->real_connect('localhost', 'root', Object(SensitiveParameterValue), 'jobposting', 3306, '', 0)
#1 C:\xampp\htdocs\dict-ci4\vendor\codeigniter4\framework\system\Database\BaseConnection.php(421): CodeIgniter\Database\MySQLi\Connection->connect(false)
#2 C:\xampp\htdocs\dict-ci4\vendor\codeigniter4\framework\system\Database\BaseConnection.php(616): CodeIgniter\Database\BaseConnection->initialize()
#3 C:\xampp\htdocs\dict-ci4\vendor\codeigniter4\framework\system\Database\BaseBuilder.php(1644): CodeIgniter\Database\BaseConnection->query('SELECT *\nFROM `...', Array, false)
#4 C:\xampp\htdocs\dict-ci4\vendor\codeigniter4\framework\system\Model.php(286): CodeIgniter\Database\BaseBuilder->get()
#5 C:\xampp\htdocs\dict-ci4\vendor\codeigniter4\framework\system\BaseModel.php(676): CodeIgniter\Model->doFindAll(0, 0)
#6 C:\xampp\htdocs\dict-ci4\app\Controllers\JobPostsController.php(19): CodeIgniter\BaseModel->findAll()
#7 C:\xampp\htdocs\dict-ci4\vendor\codeigniter4\framework\system\CodeIgniter.php(933): App\Controllers\JobPostsController->index()
#8 C:\xampp\htdocs\dict-ci4\vendor\codeigniter4\framework\system\CodeIgniter.php(509): CodeIgniter\CodeIgniter->runController(Object(App\Controllers\JobPostsController))
#9 C:\xampp\htdocs\dict-ci4\vendor\codeigniter4\framework\system\CodeIgniter.php(355): CodeIgniter\CodeIgniter->handleRequest(NULL, Object(Config\Cache), false)
#10 C:\xampp\htdocs\dict-ci4\vendor\codeigniter4\framework\system\Boot.php(325): CodeIgniter\CodeIgniter->run()
#11 C:\xampp\htdocs\dict-ci4\vendor\codeigniter4\framework\system\Boot.php(67): CodeIgniter\Boot::runCodeIgniter(Object(CodeIgniter\CodeIgniter))
#12 C:\xampp\htdocs\dict-ci4\public\index.php(56): CodeIgniter\Boot::bootWeb(Object(Config\Paths))
#13 C:\xampp\htdocs\dict-ci4\vendor\codeigniter4\framework\system\rewrite.php(44): require_once('C:\\xampp\\htdocs...')
#14 {main}

Next CodeIgniter\Database\Exceptions\DatabaseException: No connection could be made because the target machine actively refused it in C:\xampp\htdocs\dict-ci4\vendor\codeigniter4\framework\system\Database\MySQLi\Connection.php:231
Stack trace:
#0 C:\xampp\htdocs\dict-ci4\vendor\codeigniter4\framework\system\Database\BaseConnection.php(421): CodeIgniter\Database\MySQLi\Connection->connect(false)
#1 C:\xampp\htdocs\dict-ci4\vendor\codeigniter4\framework\system\Database\BaseConnection.php(616): CodeIgniter\Database\BaseConnection->initialize()
#2 C:\xampp\htdocs\dict-ci4\vendor\codeigniter4\framework\system\Database\BaseBuilder.php(1644): CodeIgniter\Database\BaseConnection->query('SELECT *\nFROM `...', Array, false)
#3 C:\xampp\htdocs\dict-ci4\vendor\codeigniter4\framework\system\Model.php(286): CodeIgniter\Database\BaseBuilder->get()
#4 C:\xampp\htdocs\dict-ci4\vendor\codeigniter4\framework\system\BaseModel.php(676): CodeIgniter\Model->doFindAll(0, 0)
#5 C:\xampp\htdocs\dict-ci4\app\Controllers\JobPostsController.php(19): CodeIgniter\BaseModel->findAll()
#6 C:\xampp\htdocs\dict-ci4\vendor\codeigniter4\framework\system\CodeIgniter.php(933): App\Controllers\JobPostsController->index()
#7 C:\xampp\htdocs\dict-ci4\vendor\codeigniter4\framework\system\CodeIgniter.php(509): CodeIgniter\CodeIgniter->runController(Object(App\Controllers\JobPostsController))
#8 C:\xampp\htdocs\dict-ci4\vendor\codeigniter4\framework\system\CodeIgniter.php(355): CodeIgniter\CodeIgniter->handleRequest(NULL, Object(Config\Cache), false)
#9 C:\xampp\htdocs\dict-ci4\vendor\codeigniter4\framework\system\Boot.php(325): CodeIgniter\CodeIgniter->run()
#10 C:\xampp\htdocs\dict-ci4\vendor\codeigniter4\framework\system\Boot.php(67): CodeIgniter\Boot::runCodeIgniter(Object(CodeIgniter\CodeIgniter))
#11 C:\xampp\htdocs\dict-ci4\public\index.php(56): CodeIgniter\Boot::bootWeb(Object(Config\Paths))
#12 C:\xampp\htdocs\dict-ci4\vendor\codeigniter4\framework\system\rewrite.php(44): require_once('C:\\xampp\\htdocs...')
#13 {main}
CRITICAL - 2024-10-17 03:21:04 --> CodeIgniter\Database\Exceptions\DatabaseException: Unable to connect to the database.
Main connection [MySQLi]: No connection could be made because the target machine actively refused it
[Method: GET, Route: job_posting]
in SYSTEMPATH\Database\BaseConnection.php on line 467.
 1 SYSTEMPATH\Database\BaseConnection.php(616): CodeIgniter\Database\BaseConnection->initialize()
 2 SYSTEMPATH\Database\BaseBuilder.php(1644): CodeIgniter\Database\BaseConnection->query('SELECT *
FROM `jobs`', [], false)
 3 SYSTEMPATH\Model.php(286): CodeIgniter\Database\BaseBuilder->get()
 4 SYSTEMPATH\BaseModel.php(676): CodeIgniter\Model->doFindAll(0, 0)
 5 APPPATH\Controllers\JobPostsController.php(19): CodeIgniter\BaseModel->findAll()
 6 SYSTEMPATH\CodeIgniter.php(933): App\Controllers\JobPostsController->index()
 7 SYSTEMPATH\CodeIgniter.php(509): CodeIgniter\CodeIgniter->runController(Object(App\Controllers\JobPostsController))
 8 SYSTEMPATH\CodeIgniter.php(355): CodeIgniter\CodeIgniter->handleRequest(null, Object(Config\Cache), false)
 9 SYSTEMPATH\Boot.php(325): CodeIgniter\CodeIgniter->run()
10 SYSTEMPATH\Boot.php(67): CodeIgniter\Boot::runCodeIgniter(Object(CodeIgniter\CodeIgniter))
11 FCPATH\index.php(56): CodeIgniter\Boot::bootWeb(Object(Config\Paths))
12 SYSTEMPATH\rewrite.php(44): require_once('C:\\xampp\\htdocs\\dict-ci4\\public\\index.php')
CRITICAL - 2024-10-17 03:50:50 --> ErrorException: Undefined property: CodeIgniter\View\View::$uri
[Method: GET, Route: /]
in APPPATH\Views\app.php on line 38.
 1 APPPATH\Views\app.php(38): CodeIgniter\Debug\Exceptions->errorHandler(2, 'Undefined property: CodeIgniter\\View\\View::$uri', 'C:\\xampp\\htdocs\\dict-ci4\\app\\Views\\app.php', 38)
 2 SYSTEMPATH\View\View.php(234): include('C:\\xampp\\htdocs\\dict-ci4\\app\\Views\\app.php')
 3 SYSTEMPATH\View\View.php(237): CodeIgniter\View\View->CodeIgniter\View\{closure}()
 4 SYSTEMPATH\View\View.php(250): CodeIgniter\View\View->render('app', [], true)
 5 SYSTEMPATH\Common.php(1171): CodeIgniter\View\View->render('pages\\home', [], true)
 6 APPPATH\Controllers\Home.php(9): view('pages\\home')
 7 SYSTEMPATH\CodeIgniter.php(933): App\Controllers\Home->index()
 8 SYSTEMPATH\CodeIgniter.php(509): CodeIgniter\CodeIgniter->runController(Object(App\Controllers\Home))
 9 SYSTEMPATH\CodeIgniter.php(355): CodeIgniter\CodeIgniter->handleRequest(null, Object(Config\Cache), false)
10 SYSTEMPATH\Boot.php(325): CodeIgniter\CodeIgniter->run()
11 SYSTEMPATH\Boot.php(67): CodeIgniter\Boot::runCodeIgniter(Object(CodeIgniter\CodeIgniter))
12 FCPATH\index.php(56): CodeIgniter\Boot::bootWeb(Object(Config\Paths))
13 SYSTEMPATH\rewrite.php(44): require_once('C:\\xampp\\htdocs\\dict-ci4\\public\\index.php')
CRITICAL - 2024-10-17 03:50:52 --> ErrorException: Undefined property: CodeIgniter\View\View::$uri
[Method: GET, Route: /]
in APPPATH\Views\app.php on line 38.
 1 APPPATH\Views\app.php(38): CodeIgniter\Debug\Exceptions->errorHandler(2, 'Undefined property: CodeIgniter\\View\\View::$uri', 'C:\\xampp\\htdocs\\dict-ci4\\app\\Views\\app.php', 38)
 2 SYSTEMPATH\View\View.php(234): include('C:\\xampp\\htdocs\\dict-ci4\\app\\Views\\app.php')
 3 SYSTEMPATH\View\View.php(237): CodeIgniter\View\View->CodeIgniter\View\{closure}()
 4 SYSTEMPATH\View\View.php(250): CodeIgniter\View\View->render('app', [], true)
 5 SYSTEMPATH\Common.php(1171): CodeIgniter\View\View->render('pages\\home', [], true)
 6 APPPATH\Controllers\Home.php(9): view('pages\\home')
 7 SYSTEMPATH\CodeIgniter.php(933): App\Controllers\Home->index()
 8 SYSTEMPATH\CodeIgniter.php(509): CodeIgniter\CodeIgniter->runController(Object(App\Controllers\Home))
 9 SYSTEMPATH\CodeIgniter.php(355): CodeIgniter\CodeIgniter->handleRequest(null, Object(Config\Cache), false)
10 SYSTEMPATH\Boot.php(325): CodeIgniter\CodeIgniter->run()
11 SYSTEMPATH\Boot.php(67): CodeIgniter\Boot::runCodeIgniter(Object(CodeIgniter\CodeIgniter))
12 FCPATH\index.php(56): CodeIgniter\Boot::bootWeb(Object(Config\Paths))
13 SYSTEMPATH\rewrite.php(44): require_once('C:\\xampp\\htdocs\\dict-ci4\\public\\index.php')
CRITICAL - 2024-10-17 03:50:52 --> ErrorException: Undefined property: CodeIgniter\View\View::$uri
[Method: GET, Route: /]
in APPPATH\Views\app.php on line 38.
 1 APPPATH\Views\app.php(38): CodeIgniter\Debug\Exceptions->errorHandler(2, 'Undefined property: CodeIgniter\\View\\View::$uri', 'C:\\xampp\\htdocs\\dict-ci4\\app\\Views\\app.php', 38)
 2 SYSTEMPATH\View\View.php(234): include('C:\\xampp\\htdocs\\dict-ci4\\app\\Views\\app.php')
 3 SYSTEMPATH\View\View.php(237): CodeIgniter\View\View->CodeIgniter\View\{closure}()
 4 SYSTEMPATH\View\View.php(250): CodeIgniter\View\View->render('app', [], true)
 5 SYSTEMPATH\Common.php(1171): CodeIgniter\View\View->render('pages\\home', [], true)
 6 APPPATH\Controllers\Home.php(9): view('pages\\home')
 7 SYSTEMPATH\CodeIgniter.php(933): App\Controllers\Home->index()
 8 SYSTEMPATH\CodeIgniter.php(509): CodeIgniter\CodeIgniter->runController(Object(App\Controllers\Home))
 9 SYSTEMPATH\CodeIgniter.php(355): CodeIgniter\CodeIgniter->handleRequest(null, Object(Config\Cache), false)
10 SYSTEMPATH\Boot.php(325): CodeIgniter\CodeIgniter->run()
11 SYSTEMPATH\Boot.php(67): CodeIgniter\Boot::runCodeIgniter(Object(CodeIgniter\CodeIgniter))
12 FCPATH\index.php(56): CodeIgniter\Boot::bootWeb(Object(Config\Paths))
13 SYSTEMPATH\rewrite.php(44): require_once('C:\\xampp\\htdocs\\dict-ci4\\public\\index.php')
CRITICAL - 2024-10-17 03:50:52 --> ErrorException: Undefined property: CodeIgniter\View\View::$uri
[Method: GET, Route: /]
in APPPATH\Views\app.php on line 38.
 1 APPPATH\Views\app.php(38): CodeIgniter\Debug\Exceptions->errorHandler(2, 'Undefined property: CodeIgniter\\View\\View::$uri', 'C:\\xampp\\htdocs\\dict-ci4\\app\\Views\\app.php', 38)
 2 SYSTEMPATH\View\View.php(234): include('C:\\xampp\\htdocs\\dict-ci4\\app\\Views\\app.php')
 3 SYSTEMPATH\View\View.php(237): CodeIgniter\View\View->CodeIgniter\View\{closure}()
 4 SYSTEMPATH\View\View.php(250): CodeIgniter\View\View->render('app', [], true)
 5 SYSTEMPATH\Common.php(1171): CodeIgniter\View\View->render('pages\\home', [], true)
 6 APPPATH\Controllers\Home.php(9): view('pages\\home')
 7 SYSTEMPATH\CodeIgniter.php(933): App\Controllers\Home->index()
 8 SYSTEMPATH\CodeIgniter.php(509): CodeIgniter\CodeIgniter->runController(Object(App\Controllers\Home))
 9 SYSTEMPATH\CodeIgniter.php(355): CodeIgniter\CodeIgniter->handleRequest(null, Object(Config\Cache), false)
10 SYSTEMPATH\Boot.php(325): CodeIgniter\CodeIgniter->run()
11 SYSTEMPATH\Boot.php(67): CodeIgniter\Boot::runCodeIgniter(Object(CodeIgniter\CodeIgniter))
12 FCPATH\index.php(56): CodeIgniter\Boot::bootWeb(Object(Config\Paths))
13 SYSTEMPATH\rewrite.php(44): require_once('C:\\xampp\\htdocs\\dict-ci4\\public\\index.php')
CRITICAL - 2024-10-17 03:50:53 --> ErrorException: Undefined property: CodeIgniter\View\View::$uri
[Method: GET, Route: /]
in APPPATH\Views\app.php on line 38.
 1 APPPATH\Views\app.php(38): CodeIgniter\Debug\Exceptions->errorHandler(2, 'Undefined property: CodeIgniter\\View\\View::$uri', 'C:\\xampp\\htdocs\\dict-ci4\\app\\Views\\app.php', 38)
 2 SYSTEMPATH\View\View.php(234): include('C:\\xampp\\htdocs\\dict-ci4\\app\\Views\\app.php')
 3 SYSTEMPATH\View\View.php(237): CodeIgniter\View\View->CodeIgniter\View\{closure}()
 4 SYSTEMPATH\View\View.php(250): CodeIgniter\View\View->render('app', [], true)
 5 SYSTEMPATH\Common.php(1171): CodeIgniter\View\View->render('pages\\home', [], true)
 6 APPPATH\Controllers\Home.php(9): view('pages\\home')
 7 SYSTEMPATH\CodeIgniter.php(933): App\Controllers\Home->index()
 8 SYSTEMPATH\CodeIgniter.php(509): CodeIgniter\CodeIgniter->runController(Object(App\Controllers\Home))
 9 SYSTEMPATH\CodeIgniter.php(355): CodeIgniter\CodeIgniter->handleRequest(null, Object(Config\Cache), false)
10 SYSTEMPATH\Boot.php(325): CodeIgniter\CodeIgniter->run()
11 SYSTEMPATH\Boot.php(67): CodeIgniter\Boot::runCodeIgniter(Object(CodeIgniter\CodeIgniter))
12 FCPATH\index.php(56): CodeIgniter\Boot::bootWeb(Object(Config\Paths))
13 SYSTEMPATH\rewrite.php(44): require_once('C:\\xampp\\htdocs\\dict-ci4\\public\\index.php')
CRITICAL - 2024-10-17 03:50:53 --> ErrorException: Undefined property: CodeIgniter\View\View::$uri
[Method: GET, Route: /]
in APPPATH\Views\app.php on line 38.
 1 APPPATH\Views\app.php(38): CodeIgniter\Debug\Exceptions->errorHandler(2, 'Undefined property: CodeIgniter\\View\\View::$uri', 'C:\\xampp\\htdocs\\dict-ci4\\app\\Views\\app.php', 38)
 2 SYSTEMPATH\View\View.php(234): include('C:\\xampp\\htdocs\\dict-ci4\\app\\Views\\app.php')
 3 SYSTEMPATH\View\View.php(237): CodeIgniter\View\View->CodeIgniter\View\{closure}()
 4 SYSTEMPATH\View\View.php(250): CodeIgniter\View\View->render('app', [], true)
 5 SYSTEMPATH\Common.php(1171): CodeIgniter\View\View->render('pages\\home', [], true)
 6 APPPATH\Controllers\Home.php(9): view('pages\\home')
 7 SYSTEMPATH\CodeIgniter.php(933): App\Controllers\Home->index()
 8 SYSTEMPATH\CodeIgniter.php(509): CodeIgniter\CodeIgniter->runController(Object(App\Controllers\Home))
 9 SYSTEMPATH\CodeIgniter.php(355): CodeIgniter\CodeIgniter->handleRequest(null, Object(Config\Cache), false)
10 SYSTEMPATH\Boot.php(325): CodeIgniter\CodeIgniter->run()
11 SYSTEMPATH\Boot.php(67): CodeIgniter\Boot::runCodeIgniter(Object(CodeIgniter\CodeIgniter))
12 FCPATH\index.php(56): CodeIgniter\Boot::bootWeb(Object(Config\Paths))
13 SYSTEMPATH\rewrite.php(44): require_once('C:\\xampp\\htdocs\\dict-ci4\\public\\index.php')
CRITICAL - 2024-10-17 03:50:53 --> ErrorException: Undefined property: CodeIgniter\View\View::$uri
[Method: GET, Route: /]
in APPPATH\Views\app.php on line 38.
 1 APPPATH\Views\app.php(38): CodeIgniter\Debug\Exceptions->errorHandler(2, 'Undefined property: CodeIgniter\\View\\View::$uri', 'C:\\xampp\\htdocs\\dict-ci4\\app\\Views\\app.php', 38)
 2 SYSTEMPATH\View\View.php(234): include('C:\\xampp\\htdocs\\dict-ci4\\app\\Views\\app.php')
 3 SYSTEMPATH\View\View.php(237): CodeIgniter\View\View->CodeIgniter\View\{closure}()
 4 SYSTEMPATH\View\View.php(250): CodeIgniter\View\View->render('app', [], true)
 5 SYSTEMPATH\Common.php(1171): CodeIgniter\View\View->render('pages\\home', [], true)
 6 APPPATH\Controllers\Home.php(9): view('pages\\home')
 7 SYSTEMPATH\CodeIgniter.php(933): App\Controllers\Home->index()
 8 SYSTEMPATH\CodeIgniter.php(509): CodeIgniter\CodeIgniter->runController(Object(App\Controllers\Home))
 9 SYSTEMPATH\CodeIgniter.php(355): CodeIgniter\CodeIgniter->handleRequest(null, Object(Config\Cache), false)
10 SYSTEMPATH\Boot.php(325): CodeIgniter\CodeIgniter->run()
11 SYSTEMPATH\Boot.php(67): CodeIgniter\Boot::runCodeIgniter(Object(CodeIgniter\CodeIgniter))
12 FCPATH\index.php(56): CodeIgniter\Boot::bootWeb(Object(Config\Paths))
13 SYSTEMPATH\rewrite.php(44): require_once('C:\\xampp\\htdocs\\dict-ci4\\public\\index.php')
CRITICAL - 2024-10-17 03:50:53 --> ErrorException: Undefined property: CodeIgniter\View\View::$uri
[Method: GET, Route: /]
in APPPATH\Views\app.php on line 38.
 1 APPPATH\Views\app.php(38): CodeIgniter\Debug\Exceptions->errorHandler(2, 'Undefined property: CodeIgniter\\View\\View::$uri', 'C:\\xampp\\htdocs\\dict-ci4\\app\\Views\\app.php', 38)
 2 SYSTEMPATH\View\View.php(234): include('C:\\xampp\\htdocs\\dict-ci4\\app\\Views\\app.php')
 3 SYSTEMPATH\View\View.php(237): CodeIgniter\View\View->CodeIgniter\View\{closure}()
 4 SYSTEMPATH\View\View.php(250): CodeIgniter\View\View->render('app', [], true)
 5 SYSTEMPATH\Common.php(1171): CodeIgniter\View\View->render('pages\\home', [], true)
 6 APPPATH\Controllers\Home.php(9): view('pages\\home')
 7 SYSTEMPATH\CodeIgniter.php(933): App\Controllers\Home->index()
 8 SYSTEMPATH\CodeIgniter.php(509): CodeIgniter\CodeIgniter->runController(Object(App\Controllers\Home))
 9 SYSTEMPATH\CodeIgniter.php(355): CodeIgniter\CodeIgniter->handleRequest(null, Object(Config\Cache), false)
10 SYSTEMPATH\Boot.php(325): CodeIgniter\CodeIgniter->run()
11 SYSTEMPATH\Boot.php(67): CodeIgniter\Boot::runCodeIgniter(Object(CodeIgniter\CodeIgniter))
12 FCPATH\index.php(56): CodeIgniter\Boot::bootWeb(Object(Config\Paths))
13 SYSTEMPATH\rewrite.php(44): require_once('C:\\xampp\\htdocs\\dict-ci4\\public\\index.php')
CRITICAL - 2024-10-17 03:51:15 --> ErrorException: Array to string conversion
[Method: GET, Route: /]
in APPPATH\Views\app.php on line 38.
 1 APPPATH\Views\app.php(38): CodeIgniter\Debug\Exceptions->errorHandler(2, 'Array to string conversion', 'C:\\xampp\\htdocs\\dict-ci4\\app\\Views\\app.php', 38)
 2 SYSTEMPATH\View\View.php(234): include('C:\\xampp\\htdocs\\dict-ci4\\app\\Views\\app.php')
 3 SYSTEMPATH\View\View.php(237): CodeIgniter\View\View->CodeIgniter\View\{closure}()
 4 SYSTEMPATH\View\View.php(250): CodeIgniter\View\View->render('app', [], true)
 5 SYSTEMPATH\Common.php(1171): CodeIgniter\View\View->render('pages\\home', [], true)
 6 APPPATH\Controllers\Home.php(9): view('pages\\home')
 7 SYSTEMPATH\CodeIgniter.php(933): App\Controllers\Home->index()
 8 SYSTEMPATH\CodeIgniter.php(509): CodeIgniter\CodeIgniter->runController(Object(App\Controllers\Home))
 9 SYSTEMPATH\CodeIgniter.php(355): CodeIgniter\CodeIgniter->handleRequest(null, Object(Config\Cache), false)
10 SYSTEMPATH\Boot.php(325): CodeIgniter\CodeIgniter->run()
11 SYSTEMPATH\Boot.php(67): CodeIgniter\Boot::runCodeIgniter(Object(CodeIgniter\CodeIgniter))
12 FCPATH\index.php(56): CodeIgniter\Boot::bootWeb(Object(Config\Paths))
13 SYSTEMPATH\rewrite.php(44): require_once('C:\\xampp\\htdocs\\dict-ci4\\public\\index.php')
CRITICAL - 2024-10-17 03:51:15 --> ErrorException: Array to string conversion
[Method: GET, Route: /]
in APPPATH\Views\app.php on line 38.
 1 APPPATH\Views\app.php(38): CodeIgniter\Debug\Exceptions->errorHandler(2, 'Array to string conversion', 'C:\\xampp\\htdocs\\dict-ci4\\app\\Views\\app.php', 38)
 2 SYSTEMPATH\View\View.php(234): include('C:\\xampp\\htdocs\\dict-ci4\\app\\Views\\app.php')
 3 SYSTEMPATH\View\View.php(237): CodeIgniter\View\View->CodeIgniter\View\{closure}()
 4 SYSTEMPATH\View\View.php(250): CodeIgniter\View\View->render('app', [], true)
 5 SYSTEMPATH\Common.php(1171): CodeIgniter\View\View->render('pages\\home', [], true)
 6 APPPATH\Controllers\Home.php(9): view('pages\\home')
 7 SYSTEMPATH\CodeIgniter.php(933): App\Controllers\Home->index()
 8 SYSTEMPATH\CodeIgniter.php(509): CodeIgniter\CodeIgniter->runController(Object(App\Controllers\Home))
 9 SYSTEMPATH\CodeIgniter.php(355): CodeIgniter\CodeIgniter->handleRequest(null, Object(Config\Cache), false)
10 SYSTEMPATH\Boot.php(325): CodeIgniter\CodeIgniter->run()
11 SYSTEMPATH\Boot.php(67): CodeIgniter\Boot::runCodeIgniter(Object(CodeIgniter\CodeIgniter))
12 FCPATH\index.php(56): CodeIgniter\Boot::bootWeb(Object(Config\Paths))
13 SYSTEMPATH\rewrite.php(44): require_once('C:\\xampp\\htdocs\\dict-ci4\\public\\index.php')
CRITICAL - 2024-10-17 03:51:15 --> ErrorException: Array to string conversion
[Method: GET, Route: /]
in APPPATH\Views\app.php on line 38.
 1 APPPATH\Views\app.php(38): CodeIgniter\Debug\Exceptions->errorHandler(2, 'Array to string conversion', 'C:\\xampp\\htdocs\\dict-ci4\\app\\Views\\app.php', 38)
 2 SYSTEMPATH\View\View.php(234): include('C:\\xampp\\htdocs\\dict-ci4\\app\\Views\\app.php')
 3 SYSTEMPATH\View\View.php(237): CodeIgniter\View\View->CodeIgniter\View\{closure}()
 4 SYSTEMPATH\View\View.php(250): CodeIgniter\View\View->render('app', [], true)
 5 SYSTEMPATH\Common.php(1171): CodeIgniter\View\View->render('pages\\home', [], true)
 6 APPPATH\Controllers\Home.php(9): view('pages\\home')
 7 SYSTEMPATH\CodeIgniter.php(933): App\Controllers\Home->index()
 8 SYSTEMPATH\CodeIgniter.php(509): CodeIgniter\CodeIgniter->runController(Object(App\Controllers\Home))
 9 SYSTEMPATH\CodeIgniter.php(355): CodeIgniter\CodeIgniter->handleRequest(null, Object(Config\Cache), false)
10 SYSTEMPATH\Boot.php(325): CodeIgniter\CodeIgniter->run()
11 SYSTEMPATH\Boot.php(67): CodeIgniter\Boot::runCodeIgniter(Object(CodeIgniter\CodeIgniter))
12 FCPATH\index.php(56): CodeIgniter\Boot::bootWeb(Object(Config\Paths))
13 SYSTEMPATH\rewrite.php(44): require_once('C:\\xampp\\htdocs\\dict-ci4\\public\\index.php')
CRITICAL - 2024-10-17 03:51:16 --> ErrorException: Array to string conversion
[Method: GET, Route: /]
in APPPATH\Views\app.php on line 38.
 1 APPPATH\Views\app.php(38): CodeIgniter\Debug\Exceptions->errorHandler(2, 'Array to string conversion', 'C:\\xampp\\htdocs\\dict-ci4\\app\\Views\\app.php', 38)
 2 SYSTEMPATH\View\View.php(234): include('C:\\xampp\\htdocs\\dict-ci4\\app\\Views\\app.php')
 3 SYSTEMPATH\View\View.php(237): CodeIgniter\View\View->CodeIgniter\View\{closure}()
 4 SYSTEMPATH\View\View.php(250): CodeIgniter\View\View->render('app', [], true)
 5 SYSTEMPATH\Common.php(1171): CodeIgniter\View\View->render('pages\\home', [], true)
 6 APPPATH\Controllers\Home.php(9): view('pages\\home')
 7 SYSTEMPATH\CodeIgniter.php(933): App\Controllers\Home->index()
 8 SYSTEMPATH\CodeIgniter.php(509): CodeIgniter\CodeIgniter->runController(Object(App\Controllers\Home))
 9 SYSTEMPATH\CodeIgniter.php(355): CodeIgniter\CodeIgniter->handleRequest(null, Object(Config\Cache), false)
10 SYSTEMPATH\Boot.php(325): CodeIgniter\CodeIgniter->run()
11 SYSTEMPATH\Boot.php(67): CodeIgniter\Boot::runCodeIgniter(Object(CodeIgniter\CodeIgniter))
12 FCPATH\index.php(56): CodeIgniter\Boot::bootWeb(Object(Config\Paths))
13 SYSTEMPATH\rewrite.php(44): require_once('C:\\xampp\\htdocs\\dict-ci4\\public\\index.php')
CRITICAL - 2024-10-17 03:51:16 --> ErrorException: Array to string conversion
[Method: GET, Route: /]
in APPPATH\Views\app.php on line 38.
 1 APPPATH\Views\app.php(38): CodeIgniter\Debug\Exceptions->errorHandler(2, 'Array to string conversion', 'C:\\xampp\\htdocs\\dict-ci4\\app\\Views\\app.php', 38)
 2 SYSTEMPATH\View\View.php(234): include('C:\\xampp\\htdocs\\dict-ci4\\app\\Views\\app.php')
 3 SYSTEMPATH\View\View.php(237): CodeIgniter\View\View->CodeIgniter\View\{closure}()
 4 SYSTEMPATH\View\View.php(250): CodeIgniter\View\View->render('app', [], true)
 5 SYSTEMPATH\Common.php(1171): CodeIgniter\View\View->render('pages\\home', [], true)
 6 APPPATH\Controllers\Home.php(9): view('pages\\home')
 7 SYSTEMPATH\CodeIgniter.php(933): App\Controllers\Home->index()
 8 SYSTEMPATH\CodeIgniter.php(509): CodeIgniter\CodeIgniter->runController(Object(App\Controllers\Home))
 9 SYSTEMPATH\CodeIgniter.php(355): CodeIgniter\CodeIgniter->handleRequest(null, Object(Config\Cache), false)
10 SYSTEMPATH\Boot.php(325): CodeIgniter\CodeIgniter->run()
11 SYSTEMPATH\Boot.php(67): CodeIgniter\Boot::runCodeIgniter(Object(CodeIgniter\CodeIgniter))
12 FCPATH\index.php(56): CodeIgniter\Boot::bootWeb(Object(Config\Paths))
13 SYSTEMPATH\rewrite.php(44): require_once('C:\\xampp\\htdocs\\dict-ci4\\public\\index.php')
CRITICAL - 2024-10-17 03:53:46 --> ErrorException: Array to string conversion
[Method: GET, Route: /]
in APPPATH\Views\app.php on line 38.
 1 APPPATH\Views\app.php(38): CodeIgniter\Debug\Exceptions->errorHandler(2, 'Array to string conversion', 'C:\\xampp\\htdocs\\dict-ci4\\app\\Views\\app.php', 38)
 2 SYSTEMPATH\View\View.php(234): include('C:\\xampp\\htdocs\\dict-ci4\\app\\Views\\app.php')
 3 SYSTEMPATH\View\View.php(237): CodeIgniter\View\View->CodeIgniter\View\{closure}()
 4 SYSTEMPATH\View\View.php(250): CodeIgniter\View\View->render('app', [], true)
 5 SYSTEMPATH\Common.php(1171): CodeIgniter\View\View->render('pages\\home', [], true)
 6 APPPATH\Controllers\Home.php(9): view('pages\\home')
 7 SYSTEMPATH\CodeIgniter.php(933): App\Controllers\Home->index()
 8 SYSTEMPATH\CodeIgniter.php(509): CodeIgniter\CodeIgniter->runController(Object(App\Controllers\Home))
 9 SYSTEMPATH\CodeIgniter.php(355): CodeIgniter\CodeIgniter->handleRequest(null, Object(Config\Cache), false)
10 SYSTEMPATH\Boot.php(325): CodeIgniter\CodeIgniter->run()
11 SYSTEMPATH\Boot.php(67): CodeIgniter\Boot::runCodeIgniter(Object(CodeIgniter\CodeIgniter))
12 FCPATH\index.php(56): CodeIgniter\Boot::bootWeb(Object(Config\Paths))
13 SYSTEMPATH\rewrite.php(44): require_once('C:\\xampp\\htdocs\\dict-ci4\\public\\index.php')
CRITICAL - 2024-10-17 03:53:46 --> ErrorException: Array to string conversion
[Method: GET, Route: /]
in APPPATH\Views\app.php on line 38.
 1 APPPATH\Views\app.php(38): CodeIgniter\Debug\Exceptions->errorHandler(2, 'Array to string conversion', 'C:\\xampp\\htdocs\\dict-ci4\\app\\Views\\app.php', 38)
 2 SYSTEMPATH\View\View.php(234): include('C:\\xampp\\htdocs\\dict-ci4\\app\\Views\\app.php')
 3 SYSTEMPATH\View\View.php(237): CodeIgniter\View\View->CodeIgniter\View\{closure}()
 4 SYSTEMPATH\View\View.php(250): CodeIgniter\View\View->render('app', [], true)
 5 SYSTEMPATH\Common.php(1171): CodeIgniter\View\View->render('pages\\home', [], true)
 6 APPPATH\Controllers\Home.php(9): view('pages\\home')
 7 SYSTEMPATH\CodeIgniter.php(933): App\Controllers\Home->index()
 8 SYSTEMPATH\CodeIgniter.php(509): CodeIgniter\CodeIgniter->runController(Object(App\Controllers\Home))
 9 SYSTEMPATH\CodeIgniter.php(355): CodeIgniter\CodeIgniter->handleRequest(null, Object(Config\Cache), false)
10 SYSTEMPATH\Boot.php(325): CodeIgniter\CodeIgniter->run()
11 SYSTEMPATH\Boot.php(67): CodeIgniter\Boot::runCodeIgniter(Object(CodeIgniter\CodeIgniter))
12 FCPATH\index.php(56): CodeIgniter\Boot::bootWeb(Object(Config\Paths))
13 SYSTEMPATH\rewrite.php(44): require_once('C:\\xampp\\htdocs\\dict-ci4\\public\\index.php')
CRITICAL - 2024-10-17 03:53:47 --> ErrorException: Array to string conversion
[Method: GET, Route: /]
in APPPATH\Views\app.php on line 38.
 1 APPPATH\Views\app.php(38): CodeIgniter\Debug\Exceptions->errorHandler(2, 'Array to string conversion', 'C:\\xampp\\htdocs\\dict-ci4\\app\\Views\\app.php', 38)
 2 SYSTEMPATH\View\View.php(234): include('C:\\xampp\\htdocs\\dict-ci4\\app\\Views\\app.php')
 3 SYSTEMPATH\View\View.php(237): CodeIgniter\View\View->CodeIgniter\View\{closure}()
 4 SYSTEMPATH\View\View.php(250): CodeIgniter\View\View->render('app', [], true)
 5 SYSTEMPATH\Common.php(1171): CodeIgniter\View\View->render('pages\\home', [], true)
 6 APPPATH\Controllers\Home.php(9): view('pages\\home')
 7 SYSTEMPATH\CodeIgniter.php(933): App\Controllers\Home->index()
 8 SYSTEMPATH\CodeIgniter.php(509): CodeIgniter\CodeIgniter->runController(Object(App\Controllers\Home))
 9 SYSTEMPATH\CodeIgniter.php(355): CodeIgniter\CodeIgniter->handleRequest(null, Object(Config\Cache), false)
10 SYSTEMPATH\Boot.php(325): CodeIgniter\CodeIgniter->run()
11 SYSTEMPATH\Boot.php(67): CodeIgniter\Boot::runCodeIgniter(Object(CodeIgniter\CodeIgniter))
12 FCPATH\index.php(56): CodeIgniter\Boot::bootWeb(Object(Config\Paths))
13 SYSTEMPATH\rewrite.php(44): require_once('C:\\xampp\\htdocs\\dict-ci4\\public\\index.php')
CRITICAL - 2024-10-17 03:53:47 --> ErrorException: Array to string conversion
[Method: GET, Route: /]
in APPPATH\Views\app.php on line 38.
 1 APPPATH\Views\app.php(38): CodeIgniter\Debug\Exceptions->errorHandler(2, 'Array to string conversion', 'C:\\xampp\\htdocs\\dict-ci4\\app\\Views\\app.php', 38)
 2 SYSTEMPATH\View\View.php(234): include('C:\\xampp\\htdocs\\dict-ci4\\app\\Views\\app.php')
 3 SYSTEMPATH\View\View.php(237): CodeIgniter\View\View->CodeIgniter\View\{closure}()
 4 SYSTEMPATH\View\View.php(250): CodeIgniter\View\View->render('app', [], true)
 5 SYSTEMPATH\Common.php(1171): CodeIgniter\View\View->render('pages\\home', [], true)
 6 APPPATH\Controllers\Home.php(9): view('pages\\home')
 7 SYSTEMPATH\CodeIgniter.php(933): App\Controllers\Home->index()
 8 SYSTEMPATH\CodeIgniter.php(509): CodeIgniter\CodeIgniter->runController(Object(App\Controllers\Home))
 9 SYSTEMPATH\CodeIgniter.php(355): CodeIgniter\CodeIgniter->handleRequest(null, Object(Config\Cache), false)
10 SYSTEMPATH\Boot.php(325): CodeIgniter\CodeIgniter->run()
11 SYSTEMPATH\Boot.php(67): CodeIgniter\Boot::runCodeIgniter(Object(CodeIgniter\CodeIgniter))
12 FCPATH\index.php(56): CodeIgniter\Boot::bootWeb(Object(Config\Paths))
13 SYSTEMPATH\rewrite.php(44): require_once('C:\\xampp\\htdocs\\dict-ci4\\public\\index.php')
CRITICAL - 2024-10-17 05:05:21 --> ErrorException: Attempt to read property "jobs" on array
[Method: GET, Route: job_posting]
in APPPATH\Views\pages\jobposts\index.php on line 19.
 1 APPPATH\Views\pages\jobposts\index.php(19): CodeIgniter\Debug\Exceptions->errorHandler(2, 'Attempt to read property "jobs" on array', 'C:\\xampp\\htdocs\\dict-ci4\\app\\Views\\pages\\jobposts\\index.php', 19)
 2 SYSTEMPATH\View\View.php(234): include('C:\\xampp\\htdocs\\dict-ci4\\app\\Views\\pages\\jobposts\\index.php')
 3 SYSTEMPATH\View\View.php(237): CodeIgniter\View\View->CodeIgniter\View\{closure}()
 4 SYSTEMPATH\Common.php(1171): CodeIgniter\View\View->render('pages\\jobPosts\\index', [], true)
 5 APPPATH\Controllers\JobPostsController.php(26): view('pages\\jobPosts\\index', [...])
 6 SYSTEMPATH\CodeIgniter.php(933): App\Controllers\JobPostsController->index()
 7 SYSTEMPATH\CodeIgniter.php(509): CodeIgniter\CodeIgniter->runController(Object(App\Controllers\JobPostsController))
 8 SYSTEMPATH\CodeIgniter.php(355): CodeIgniter\CodeIgniter->handleRequest(null, Object(Config\Cache), false)
 9 SYSTEMPATH\Boot.php(325): CodeIgniter\CodeIgniter->run()
10 SYSTEMPATH\Boot.php(67): CodeIgniter\Boot::runCodeIgniter(Object(CodeIgniter\CodeIgniter))
11 FCPATH\index.php(56): CodeIgniter\Boot::bootWeb(Object(Config\Paths))
12 SYSTEMPATH\rewrite.php(44): require_once('C:\\xampp\\htdocs\\dict-ci4\\public\\index.php')
CRITICAL - 2024-10-17 05:05:22 --> ErrorException: Attempt to read property "jobs" on array
[Method: GET, Route: job_posting]
in APPPATH\Views\pages\jobposts\index.php on line 19.
 1 APPPATH\Views\pages\jobposts\index.php(19): CodeIgniter\Debug\Exceptions->errorHandler(2, 'Attempt to read property "jobs" on array', 'C:\\xampp\\htdocs\\dict-ci4\\app\\Views\\pages\\jobposts\\index.php', 19)
 2 SYSTEMPATH\View\View.php(234): include('C:\\xampp\\htdocs\\dict-ci4\\app\\Views\\pages\\jobposts\\index.php')
 3 SYSTEMPATH\View\View.php(237): CodeIgniter\View\View->CodeIgniter\View\{closure}()
 4 SYSTEMPATH\Common.php(1171): CodeIgniter\View\View->render('pages\\jobPosts\\index', [], true)
 5 APPPATH\Controllers\JobPostsController.php(26): view('pages\\jobPosts\\index', [...])
 6 SYSTEMPATH\CodeIgniter.php(933): App\Controllers\JobPostsController->index()
 7 SYSTEMPATH\CodeIgniter.php(509): CodeIgniter\CodeIgniter->runController(Object(App\Controllers\JobPostsController))
 8 SYSTEMPATH\CodeIgniter.php(355): CodeIgniter\CodeIgniter->handleRequest(null, Object(Config\Cache), false)
 9 SYSTEMPATH\Boot.php(325): CodeIgniter\CodeIgniter->run()
10 SYSTEMPATH\Boot.php(67): CodeIgniter\Boot::runCodeIgniter(Object(CodeIgniter\CodeIgniter))
11 FCPATH\index.php(56): CodeIgniter\Boot::bootWeb(Object(Config\Paths))
12 SYSTEMPATH\rewrite.php(44): require_once('C:\\xampp\\htdocs\\dict-ci4\\public\\index.php')
CRITICAL - 2024-10-17 05:05:22 --> ErrorException: Attempt to read property "jobs" on array
[Method: GET, Route: job_posting]
in APPPATH\Views\pages\jobposts\index.php on line 19.
 1 APPPATH\Views\pages\jobposts\index.php(19): CodeIgniter\Debug\Exceptions->errorHandler(2, 'Attempt to read property "jobs" on array', 'C:\\xampp\\htdocs\\dict-ci4\\app\\Views\\pages\\jobposts\\index.php', 19)
 2 SYSTEMPATH\View\View.php(234): include('C:\\xampp\\htdocs\\dict-ci4\\app\\Views\\pages\\jobposts\\index.php')
 3 SYSTEMPATH\View\View.php(237): CodeIgniter\View\View->CodeIgniter\View\{closure}()
 4 SYSTEMPATH\Common.php(1171): CodeIgniter\View\View->render('pages\\jobPosts\\index', [], true)
 5 APPPATH\Controllers\JobPostsController.php(26): view('pages\\jobPosts\\index', [...])
 6 SYSTEMPATH\CodeIgniter.php(933): App\Controllers\JobPostsController->index()
 7 SYSTEMPATH\CodeIgniter.php(509): CodeIgniter\CodeIgniter->runController(Object(App\Controllers\JobPostsController))
 8 SYSTEMPATH\CodeIgniter.php(355): CodeIgniter\CodeIgniter->handleRequest(null, Object(Config\Cache), false)
 9 SYSTEMPATH\Boot.php(325): CodeIgniter\CodeIgniter->run()
10 SYSTEMPATH\Boot.php(67): CodeIgniter\Boot::runCodeIgniter(Object(CodeIgniter\CodeIgniter))
11 FCPATH\index.php(56): CodeIgniter\Boot::bootWeb(Object(Config\Paths))
12 SYSTEMPATH\rewrite.php(44): require_once('C:\\xampp\\htdocs\\dict-ci4\\public\\index.php')
CRITICAL - 2024-10-17 05:05:33 --> ErrorException: Attempt to read property "name" on array
[Method: GET, Route: job_posting]
in APPPATH\Views\pages\jobposts\index.php on line 22.
 1 APPPATH\Views\pages\jobposts\index.php(22): CodeIgniter\Debug\Exceptions->errorHandler(2, 'Attempt to read property "name" on array', 'C:\\xampp\\htdocs\\dict-ci4\\app\\Views\\pages\\jobposts\\index.php', 22)
 2 SYSTEMPATH\View\View.php(234): include('C:\\xampp\\htdocs\\dict-ci4\\app\\Views\\pages\\jobposts\\index.php')
 3 SYSTEMPATH\View\View.php(237): CodeIgniter\View\View->CodeIgniter\View\{closure}()
 4 SYSTEMPATH\Common.php(1171): CodeIgniter\View\View->render('pages\\jobPosts\\index', [], true)
 5 APPPATH\Controllers\JobPostsController.php(26): view('pages\\jobPosts\\index', [...])
 6 SYSTEMPATH\CodeIgniter.php(933): App\Controllers\JobPostsController->index()
 7 SYSTEMPATH\CodeIgniter.php(509): CodeIgniter\CodeIgniter->runController(Object(App\Controllers\JobPostsController))
 8 SYSTEMPATH\CodeIgniter.php(355): CodeIgniter\CodeIgniter->handleRequest(null, Object(Config\Cache), false)
 9 SYSTEMPATH\Boot.php(325): CodeIgniter\CodeIgniter->run()
10 SYSTEMPATH\Boot.php(67): CodeIgniter\Boot::runCodeIgniter(Object(CodeIgniter\CodeIgniter))
11 FCPATH\index.php(56): CodeIgniter\Boot::bootWeb(Object(Config\Paths))
12 SYSTEMPATH\rewrite.php(44): require_once('C:\\xampp\\htdocs\\dict-ci4\\public\\index.php')
CRITICAL - 2024-10-17 05:05:33 --> ErrorException: Attempt to read property "name" on array
[Method: GET, Route: job_posting]
in APPPATH\Views\pages\jobposts\index.php on line 22.
 1 APPPATH\Views\pages\jobposts\index.php(22): CodeIgniter\Debug\Exceptions->errorHandler(2, 'Attempt to read property "name" on array', 'C:\\xampp\\htdocs\\dict-ci4\\app\\Views\\pages\\jobposts\\index.php', 22)
 2 SYSTEMPATH\View\View.php(234): include('C:\\xampp\\htdocs\\dict-ci4\\app\\Views\\pages\\jobposts\\index.php')
 3 SYSTEMPATH\View\View.php(237): CodeIgniter\View\View->CodeIgniter\View\{closure}()
 4 SYSTEMPATH\Common.php(1171): CodeIgniter\View\View->render('pages\\jobPosts\\index', [], true)
 5 APPPATH\Controllers\JobPostsController.php(26): view('pages\\jobPosts\\index', [...])
 6 SYSTEMPATH\CodeIgniter.php(933): App\Controllers\JobPostsController->index()
 7 SYSTEMPATH\CodeIgniter.php(509): CodeIgniter\CodeIgniter->runController(Object(App\Controllers\JobPostsController))
 8 SYSTEMPATH\CodeIgniter.php(355): CodeIgniter\CodeIgniter->handleRequest(null, Object(Config\Cache), false)
 9 SYSTEMPATH\Boot.php(325): CodeIgniter\CodeIgniter->run()
10 SYSTEMPATH\Boot.php(67): CodeIgniter\Boot::runCodeIgniter(Object(CodeIgniter\CodeIgniter))
11 FCPATH\index.php(56): CodeIgniter\Boot::bootWeb(Object(Config\Paths))
12 SYSTEMPATH\rewrite.php(44): require_once('C:\\xampp\\htdocs\\dict-ci4\\public\\index.php')
CRITICAL - 2024-10-17 05:05:34 --> ErrorException: Attempt to read property "name" on array
[Method: GET, Route: job_posting]
in APPPATH\Views\pages\jobposts\index.php on line 22.
 1 APPPATH\Views\pages\jobposts\index.php(22): CodeIgniter\Debug\Exceptions->errorHandler(2, 'Attempt to read property "name" on array', 'C:\\xampp\\htdocs\\dict-ci4\\app\\Views\\pages\\jobposts\\index.php', 22)
 2 SYSTEMPATH\View\View.php(234): include('C:\\xampp\\htdocs\\dict-ci4\\app\\Views\\pages\\jobposts\\index.php')
 3 SYSTEMPATH\View\View.php(237): CodeIgniter\View\View->CodeIgniter\View\{closure}()
 4 SYSTEMPATH\Common.php(1171): CodeIgniter\View\View->render('pages\\jobPosts\\index', [], true)
 5 APPPATH\Controllers\JobPostsController.php(26): view('pages\\jobPosts\\index', [...])
 6 SYSTEMPATH\CodeIgniter.php(933): App\Controllers\JobPostsController->index()
 7 SYSTEMPATH\CodeIgniter.php(509): CodeIgniter\CodeIgniter->runController(Object(App\Controllers\JobPostsController))
 8 SYSTEMPATH\CodeIgniter.php(355): CodeIgniter\CodeIgniter->handleRequest(null, Object(Config\Cache), false)
 9 SYSTEMPATH\Boot.php(325): CodeIgniter\CodeIgniter->run()
10 SYSTEMPATH\Boot.php(67): CodeIgniter\Boot::runCodeIgniter(Object(CodeIgniter\CodeIgniter))
11 FCPATH\index.php(56): CodeIgniter\Boot::bootWeb(Object(Config\Paths))
12 SYSTEMPATH\rewrite.php(44): require_once('C:\\xampp\\htdocs\\dict-ci4\\public\\index.php')
CRITICAL - 2024-10-17 05:05:49 --> ErrorException: Attempt to read property "jobs" on array
[Method: GET, Route: job_posting]
in APPPATH\Views\pages\jobposts\index.php on line 6.
 1 APPPATH\Views\pages\jobposts\index.php(6): CodeIgniter\Debug\Exceptions->errorHandler(2, 'Attempt to read property "jobs" on array', 'C:\\xampp\\htdocs\\dict-ci4\\app\\Views\\pages\\jobposts\\index.php', 6)
 2 SYSTEMPATH\View\View.php(234): include('C:\\xampp\\htdocs\\dict-ci4\\app\\Views\\pages\\jobposts\\index.php')
 3 SYSTEMPATH\View\View.php(237): CodeIgniter\View\View->CodeIgniter\View\{closure}()
 4 SYSTEMPATH\Common.php(1171): CodeIgniter\View\View->render('pages\\jobPosts\\index', [], true)
 5 APPPATH\Controllers\JobPostsController.php(26): view('pages\\jobPosts\\index', [...])
 6 SYSTEMPATH\CodeIgniter.php(933): App\Controllers\JobPostsController->index()
 7 SYSTEMPATH\CodeIgniter.php(509): CodeIgniter\CodeIgniter->runController(Object(App\Controllers\JobPostsController))
 8 SYSTEMPATH\CodeIgniter.php(355): CodeIgniter\CodeIgniter->handleRequest(null, Object(Config\Cache), false)
 9 SYSTEMPATH\Boot.php(325): CodeIgniter\CodeIgniter->run()
10 SYSTEMPATH\Boot.php(67): CodeIgniter\Boot::runCodeIgniter(Object(CodeIgniter\CodeIgniter))
11 FCPATH\index.php(56): CodeIgniter\Boot::bootWeb(Object(Config\Paths))
12 SYSTEMPATH\rewrite.php(44): require_once('C:\\xampp\\htdocs\\dict-ci4\\public\\index.php')
CRITICAL - 2024-10-17 05:05:50 --> ErrorException: Attempt to read property "jobs" on array
[Method: GET, Route: job_posting]
in APPPATH\Views\pages\jobposts\index.php on line 6.
 1 APPPATH\Views\pages\jobposts\index.php(6): CodeIgniter\Debug\Exceptions->errorHandler(2, 'Attempt to read property "jobs" on array', 'C:\\xampp\\htdocs\\dict-ci4\\app\\Views\\pages\\jobposts\\index.php', 6)
 2 SYSTEMPATH\View\View.php(234): include('C:\\xampp\\htdocs\\dict-ci4\\app\\Views\\pages\\jobposts\\index.php')
 3 SYSTEMPATH\View\View.php(237): CodeIgniter\View\View->CodeIgniter\View\{closure}()
 4 SYSTEMPATH\Common.php(1171): CodeIgniter\View\View->render('pages\\jobPosts\\index', [], true)
 5 APPPATH\Controllers\JobPostsController.php(26): view('pages\\jobPosts\\index', [...])
 6 SYSTEMPATH\CodeIgniter.php(933): App\Controllers\JobPostsController->index()
 7 SYSTEMPATH\CodeIgniter.php(509): CodeIgniter\CodeIgniter->runController(Object(App\Controllers\JobPostsController))
 8 SYSTEMPATH\CodeIgniter.php(355): CodeIgniter\CodeIgniter->handleRequest(null, Object(Config\Cache), false)
 9 SYSTEMPATH\Boot.php(325): CodeIgniter\CodeIgniter->run()
10 SYSTEMPATH\Boot.php(67): CodeIgniter\Boot::runCodeIgniter(Object(CodeIgniter\CodeIgniter))
11 FCPATH\index.php(56): CodeIgniter\Boot::bootWeb(Object(Config\Paths))
12 SYSTEMPATH\rewrite.php(44): require_once('C:\\xampp\\htdocs\\dict-ci4\\public\\index.php')
CRITICAL - 2024-10-17 05:05:50 --> ErrorException: Attempt to read property "jobs" on array
[Method: GET, Route: job_posting]
in APPPATH\Views\pages\jobposts\index.php on line 6.
 1 APPPATH\Views\pages\jobposts\index.php(6): CodeIgniter\Debug\Exceptions->errorHandler(2, 'Attempt to read property "jobs" on array', 'C:\\xampp\\htdocs\\dict-ci4\\app\\Views\\pages\\jobposts\\index.php', 6)
 2 SYSTEMPATH\View\View.php(234): include('C:\\xampp\\htdocs\\dict-ci4\\app\\Views\\pages\\jobposts\\index.php')
 3 SYSTEMPATH\View\View.php(237): CodeIgniter\View\View->CodeIgniter\View\{closure}()
 4 SYSTEMPATH\Common.php(1171): CodeIgniter\View\View->render('pages\\jobPosts\\index', [], true)
 5 APPPATH\Controllers\JobPostsController.php(26): view('pages\\jobPosts\\index', [...])
 6 SYSTEMPATH\CodeIgniter.php(933): App\Controllers\JobPostsController->index()
 7 SYSTEMPATH\CodeIgniter.php(509): CodeIgniter\CodeIgniter->runController(Object(App\Controllers\JobPostsController))
 8 SYSTEMPATH\CodeIgniter.php(355): CodeIgniter\CodeIgniter->handleRequest(null, Object(Config\Cache), false)
 9 SYSTEMPATH\Boot.php(325): CodeIgniter\CodeIgniter->run()
10 SYSTEMPATH\Boot.php(67): CodeIgniter\Boot::runCodeIgniter(Object(CodeIgniter\CodeIgniter))
11 FCPATH\index.php(56): CodeIgniter\Boot::bootWeb(Object(Config\Paths))
12 SYSTEMPATH\rewrite.php(44): require_once('C:\\xampp\\htdocs\\dict-ci4\\public\\index.php')
CRITICAL - 2024-10-17 05:06:00 --> ErrorException: Attempt to read property "jobs" on array
[Method: GET, Route: job_posting]
in APPPATH\Views\pages\jobposts\index.php on line 6.
 1 APPPATH\Views\pages\jobposts\index.php(6): CodeIgniter\Debug\Exceptions->errorHandler(2, 'Attempt to read property "jobs" on array', 'C:\\xampp\\htdocs\\dict-ci4\\app\\Views\\pages\\jobposts\\index.php', 6)
 2 SYSTEMPATH\View\View.php(234): include('C:\\xampp\\htdocs\\dict-ci4\\app\\Views\\pages\\jobposts\\index.php')
 3 SYSTEMPATH\View\View.php(237): CodeIgniter\View\View->CodeIgniter\View\{closure}()
 4 SYSTEMPATH\Common.php(1171): CodeIgniter\View\View->render('pages\\jobPosts\\index', [], true)
 5 APPPATH\Controllers\JobPostsController.php(26): view('pages\\jobPosts\\index', [...])
 6 SYSTEMPATH\CodeIgniter.php(933): App\Controllers\JobPostsController->index()
 7 SYSTEMPATH\CodeIgniter.php(509): CodeIgniter\CodeIgniter->runController(Object(App\Controllers\JobPostsController))
 8 SYSTEMPATH\CodeIgniter.php(355): CodeIgniter\CodeIgniter->handleRequest(null, Object(Config\Cache), false)
 9 SYSTEMPATH\Boot.php(325): CodeIgniter\CodeIgniter->run()
10 SYSTEMPATH\Boot.php(67): CodeIgniter\Boot::runCodeIgniter(Object(CodeIgniter\CodeIgniter))
11 FCPATH\index.php(56): CodeIgniter\Boot::bootWeb(Object(Config\Paths))
12 SYSTEMPATH\rewrite.php(44): require_once('C:\\xampp\\htdocs\\dict-ci4\\public\\index.php')
CRITICAL - 2024-10-17 05:06:01 --> ErrorException: Attempt to read property "jobs" on array
[Method: GET, Route: job_posting]
in APPPATH\Views\pages\jobposts\index.php on line 6.
 1 APPPATH\Views\pages\jobposts\index.php(6): CodeIgniter\Debug\Exceptions->errorHandler(2, 'Attempt to read property "jobs" on array', 'C:\\xampp\\htdocs\\dict-ci4\\app\\Views\\pages\\jobposts\\index.php', 6)
 2 SYSTEMPATH\View\View.php(234): include('C:\\xampp\\htdocs\\dict-ci4\\app\\Views\\pages\\jobposts\\index.php')
 3 SYSTEMPATH\View\View.php(237): CodeIgniter\View\View->CodeIgniter\View\{closure}()
 4 SYSTEMPATH\Common.php(1171): CodeIgniter\View\View->render('pages\\jobPosts\\index', [], true)
 5 APPPATH\Controllers\JobPostsController.php(26): view('pages\\jobPosts\\index', [...])
 6 SYSTEMPATH\CodeIgniter.php(933): App\Controllers\JobPostsController->index()
 7 SYSTEMPATH\CodeIgniter.php(509): CodeIgniter\CodeIgniter->runController(Object(App\Controllers\JobPostsController))
 8 SYSTEMPATH\CodeIgniter.php(355): CodeIgniter\CodeIgniter->handleRequest(null, Object(Config\Cache), false)
 9 SYSTEMPATH\Boot.php(325): CodeIgniter\CodeIgniter->run()
10 SYSTEMPATH\Boot.php(67): CodeIgniter\Boot::runCodeIgniter(Object(CodeIgniter\CodeIgniter))
11 FCPATH\index.php(56): CodeIgniter\Boot::bootWeb(Object(Config\Paths))
12 SYSTEMPATH\rewrite.php(44): require_once('C:\\xampp\\htdocs\\dict-ci4\\public\\index.php')
CRITICAL - 2024-10-17 05:06:01 --> ErrorException: Attempt to read property "jobs" on array
[Method: GET, Route: job_posting]
in APPPATH\Views\pages\jobposts\index.php on line 6.
 1 APPPATH\Views\pages\jobposts\index.php(6): CodeIgniter\Debug\Exceptions->errorHandler(2, 'Attempt to read property "jobs" on array', 'C:\\xampp\\htdocs\\dict-ci4\\app\\Views\\pages\\jobposts\\index.php', 6)
 2 SYSTEMPATH\View\View.php(234): include('C:\\xampp\\htdocs\\dict-ci4\\app\\Views\\pages\\jobposts\\index.php')
 3 SYSTEMPATH\View\View.php(237): CodeIgniter\View\View->CodeIgniter\View\{closure}()
 4 SYSTEMPATH\Common.php(1171): CodeIgniter\View\View->render('pages\\jobPosts\\index', [], true)
 5 APPPATH\Controllers\JobPostsController.php(26): view('pages\\jobPosts\\index', [...])
 6 SYSTEMPATH\CodeIgniter.php(933): App\Controllers\JobPostsController->index()
 7 SYSTEMPATH\CodeIgniter.php(509): CodeIgniter\CodeIgniter->runController(Object(App\Controllers\JobPostsController))
 8 SYSTEMPATH\CodeIgniter.php(355): CodeIgniter\CodeIgniter->handleRequest(null, Object(Config\Cache), false)
 9 SYSTEMPATH\Boot.php(325): CodeIgniter\CodeIgniter->run()
10 SYSTEMPATH\Boot.php(67): CodeIgniter\Boot::runCodeIgniter(Object(CodeIgniter\CodeIgniter))
11 FCPATH\index.php(56): CodeIgniter\Boot::bootWeb(Object(Config\Paths))
12 SYSTEMPATH\rewrite.php(44): require_once('C:\\xampp\\htdocs\\dict-ci4\\public\\index.php')
CRITICAL - 2024-10-17 05:06:02 --> ErrorException: Attempt to read property "jobs" on array
[Method: GET, Route: job_posting]
in APPPATH\Views\pages\jobposts\index.php on line 6.
 1 APPPATH\Views\pages\jobposts\index.php(6): CodeIgniter\Debug\Exceptions->errorHandler(2, 'Attempt to read property "jobs" on array', 'C:\\xampp\\htdocs\\dict-ci4\\app\\Views\\pages\\jobposts\\index.php', 6)
 2 SYSTEMPATH\View\View.php(234): include('C:\\xampp\\htdocs\\dict-ci4\\app\\Views\\pages\\jobposts\\index.php')
 3 SYSTEMPATH\View\View.php(237): CodeIgniter\View\View->CodeIgniter\View\{closure}()
 4 SYSTEMPATH\Common.php(1171): CodeIgniter\View\View->render('pages\\jobPosts\\index', [], true)
 5 APPPATH\Controllers\JobPostsController.php(26): view('pages\\jobPosts\\index', [...])
 6 SYSTEMPATH\CodeIgniter.php(933): App\Controllers\JobPostsController->index()
 7 SYSTEMPATH\CodeIgniter.php(509): CodeIgniter\CodeIgniter->runController(Object(App\Controllers\JobPostsController))
 8 SYSTEMPATH\CodeIgniter.php(355): CodeIgniter\CodeIgniter->handleRequest(null, Object(Config\Cache), false)
 9 SYSTEMPATH\Boot.php(325): CodeIgniter\CodeIgniter->run()
10 SYSTEMPATH\Boot.php(67): CodeIgniter\Boot::runCodeIgniter(Object(CodeIgniter\CodeIgniter))
11 FCPATH\index.php(56): CodeIgniter\Boot::bootWeb(Object(Config\Paths))
12 SYSTEMPATH\rewrite.php(44): require_once('C:\\xampp\\htdocs\\dict-ci4\\public\\index.php')
CRITICAL - 2024-10-17 06:23:21 --> ErrorException: Undefined array key "post_date"
[Method: GET, Route: job_posting/1/edit]
in APPPATH\Views\pages\jobposts\edit.php on line 20.
 1 APPPATH\Views\pages\jobposts\edit.php(20): CodeIgniter\Debug\Exceptions->errorHandler(2, 'Undefined array key "post_date"', 'C:\\xampp\\htdocs\\dict-ci4\\app\\Views\\pages\\jobposts\\edit.php', 20)
 2 SYSTEMPATH\View\View.php(234): include('C:\\xampp\\htdocs\\dict-ci4\\app\\Views\\pages\\jobposts\\edit.php')
 3 SYSTEMPATH\View\View.php(237): CodeIgniter\View\View->CodeIgniter\View\{closure}()
 4 SYSTEMPATH\Common.php(1171): CodeIgniter\View\View->render('pages\\jobPosts\\edit', [], true)
 5 APPPATH\Controllers\JobPostsController.php(62): view('pages\\jobPosts\\edit', [...])
 6 SYSTEMPATH\CodeIgniter.php(933): App\Controllers\JobPostsController->edit('1')
 7 SYSTEMPATH\CodeIgniter.php(509): CodeIgniter\CodeIgniter->runController(Object(App\Controllers\JobPostsController))
 8 SYSTEMPATH\CodeIgniter.php(355): CodeIgniter\CodeIgniter->handleRequest(null, Object(Config\Cache), false)
 9 SYSTEMPATH\Boot.php(325): CodeIgniter\CodeIgniter->run()
10 SYSTEMPATH\Boot.php(67): CodeIgniter\Boot::runCodeIgniter(Object(CodeIgniter\CodeIgniter))
11 FCPATH\index.php(56): CodeIgniter\Boot::bootWeb(Object(Config\Paths))
12 SYSTEMPATH\rewrite.php(44): require_once('C:\\xampp\\htdocs\\dict-ci4\\public\\index.php')
CRITICAL - 2024-10-17 06:45:30 --> CodeIgniter\HTTP\Exceptions\HTTPException: Failed to parse JSON string. Error: Syntax error
[Method: PATCH, Route: job_posting/1]
in SYSTEMPATH\HTTP\IncomingRequest.php on line 537.
 1 SYSTEMPATH\HTTP\IncomingRequest.php(537): CodeIgniter\HTTP\Exceptions\HTTPException::forInvalidJSON('Syntax error')
 2 APPPATH\Controllers\JobPostsController.php(68): CodeIgniter\HTTP\IncomingRequest->getJSON()
 3 SYSTEMPATH\CodeIgniter.php(933): App\Controllers\JobPostsController->update('1')
 4 SYSTEMPATH\CodeIgniter.php(509): CodeIgniter\CodeIgniter->runController(Object(App\Controllers\JobPostsController))
 5 SYSTEMPATH\CodeIgniter.php(355): CodeIgniter\CodeIgniter->handleRequest(null, Object(Config\Cache), false)
 6 SYSTEMPATH\Boot.php(325): CodeIgniter\CodeIgniter->run()
 7 SYSTEMPATH\Boot.php(67): CodeIgniter\Boot::runCodeIgniter(Object(CodeIgniter\CodeIgniter))
 8 FCPATH\index.php(56): CodeIgniter\Boot::bootWeb(Object(Config\Paths))
 9 SYSTEMPATH\rewrite.php(44): require_once('C:\\xampp\\htdocs\\dict-ci4\\public\\index.php')
CRITICAL - 2024-10-17 11:06:42 --> Error: Call to undefined function form_open()
[Method: GET, Route: job_posting/new]
in APPPATH\Views\pages\jobposts\new.php on line 5.
 1 SYSTEMPATH\View\View.php(234): include()
 2 SYSTEMPATH\View\View.php(237): CodeIgniter\View\View->CodeIgniter\View\{closure}()
 3 SYSTEMPATH\Common.php(1171): CodeIgniter\View\View->render('pages\\jobPosts\\new', [], true)
 4 APPPATH\Controllers\JobPostsController.php(34): view('pages\\jobPosts\\new', [...])
 5 SYSTEMPATH\CodeIgniter.php(933): App\Controllers\JobPostsController->new()
 6 SYSTEMPATH\CodeIgniter.php(509): CodeIgniter\CodeIgniter->runController(Object(App\Controllers\JobPostsController))
 7 SYSTEMPATH\CodeIgniter.php(355): CodeIgniter\CodeIgniter->handleRequest(null, Object(Config\Cache), false)
 8 SYSTEMPATH\Boot.php(325): CodeIgniter\CodeIgniter->run()
 9 SYSTEMPATH\Boot.php(67): CodeIgniter\Boot::runCodeIgniter(Object(CodeIgniter\CodeIgniter))
10 FCPATH\index.php(56): CodeIgniter\Boot::bootWeb(Object(Config\Paths))
11 SYSTEMPATH\rewrite.php(44): require_once('C:\\xampp\\htdocs\\dict-ci4\\public\\index.php')
CRITICAL - 2024-10-17 11:24:52 --> CodeIgniter\Validation\Exceptions\ValidationException: "min" is not a valid rule.
[Method: POST, Route: job_posting]
in SYSTEMPATH\Validation\Validation.php on line 348.
 1 SYSTEMPATH\Validation\Validation.php(348): CodeIgniter\Validation\Exceptions\ValidationException::forRuleNotFound('min')
 2 SYSTEMPATH\Validation\Validation.php(204): CodeIgniter\Validation\Validation->processRules('salary', 'Username', '1231', [...], [...], 'salary')
 3 SYSTEMPATH\Controller.php(152): CodeIgniter\Validation\Validation->run([...], null, null)
 4 APPPATH\Controllers\JobPostsController.php(81): CodeIgniter\Controller->validateData([...], [...])
 5 SYSTEMPATH\CodeIgniter.php(933): App\Controllers\JobPostsController->create()
 6 SYSTEMPATH\CodeIgniter.php(509): CodeIgniter\CodeIgniter->runController(Object(App\Controllers\JobPostsController))
 7 SYSTEMPATH\CodeIgniter.php(355): CodeIgniter\CodeIgniter->handleRequest(null, Object(Config\Cache), false)
 8 SYSTEMPATH\Boot.php(325): CodeIgniter\CodeIgniter->run()
 9 SYSTEMPATH\Boot.php(67): CodeIgniter\Boot::runCodeIgniter(Object(CodeIgniter\CodeIgniter))
10 FCPATH\index.php(56): CodeIgniter\Boot::bootWeb(Object(Config\Paths))
11 SYSTEMPATH\rewrite.php(44): require_once('C:\\xampp\\htdocs\\dict-ci4\\public\\index.php')
